[0104/102057.556:ERROR:process_reader_win.cc(123)] NtOpenThread: {Access Denied} A process has requested access to an object, but has not been granted those access rights.  (0xc0000022)
[0104/102057.576:ERROR:exception_snapshot_win.cc(87)] thread ID 3568 not found in process
[0104/102057.576:WARNING:crash_report_exception_handler.cc(62)] ProcessSnapshotWin::Initialize failed
[0320/163628.145:ERROR:process_reader_win.cc(123)] NtOpenThread: {Access Denied} A process has requested access to an object, but has not been granted those access rights. (0xc0000022)
[0320/163628.155:ERROR:exception_snapshot_win.cc(88)] thread ID 5236 not found in process
[0320/163628.155:WARNING:crash_report_exception_handler.cc(62)] ProcessSnapshotWin::Initialize failed
[0321/140424.118:ERROR:process_reader_win.cc(123)] NtOpenThread: {Access Denied} A process has requested access to an object, but has not been granted those access rights. (0xc0000022)
[0321/140424.152:ERROR:exception_snapshot_win.cc(88)] thread ID 6824 not found in process
[0321/140424.152:WARNING:crash_report_exception_handler.cc(62)] ProcessSnapshotWin::Initialize failed
[0321/140609.058:ERROR:process_reader_win.cc(123)] NtOpenThread: {Access Denied} A process has requested access to an object, but has not been granted those access rights. (0xc0000022)
[0321/140609.059:ERROR:exception_snapshot_win.cc(88)] thread ID 3916 not found in process
[0321/140609.059:WARNING:crash_report_exception_handler.cc(62)] ProcessSnapshotWin::Initialize failed
[0321/142416.025:ERROR:process_reader_win.cc(123)] NtOpenThread: {Access Denied} A process has requested access to an object, but has not been granted those access rights. (0xc0000022)
[0321/142416.026:ERROR:exception_snapshot_win.cc(88)] thread ID 6248 not found in process
[0321/142416.026:WARNING:crash_report_exception_handler.cc(62)] ProcessSnapshotWin::Initialize failed
[0321/144939.711:ERROR:process_reader_win.cc(123)] NtOpenThread: {Access Denied} A process has requested access to an object, but has not been granted those access rights. (0xc0000022)
[0321/144939.711:ERROR:exception_snapshot_win.cc(88)] thread ID 3200 not found in process
[0321/144939.711:WARNING:crash_report_exception_handler.cc(62)] ProcessSnapshotWin::Initialize failed
[0321/145058.680:ERROR:process_reader_win.cc(123)] NtOpenThread: {Access Denied} A process has requested access to an object, but has not been granted those access rights. (0xc0000022)
[0321/145058.680:ERROR:exception_snapshot_win.cc(88)] thread ID 6304 not found in process
[0321/145058.680:WARNING:crash_report_exception_handler.cc(62)] ProcessSnapshotWin::Initialize failed
[0321/145239.436:ERROR:process_reader_win.cc(123)] NtOpenThread: {Access Denied} A process has requested access to an object, but has not been granted those access rights. (0xc0000022)
[0321/145239.436:ERROR:exception_snapshot_win.cc(88)] thread ID 188 not found in process
[0321/145239.436:WARNING:crash_report_exception_handler.cc(62)] ProcessSnapshotWin::Initialize failed
[0321/174528.281:ERROR:process_reader_win.cc(123)] NtOpenThread: {Access Denied} A process has requested access to an object, but has not been granted those access rights. (0xc0000022)
[0321/174528.281:ERROR:exception_snapshot_win.cc(88)] thread ID 5916 not found in process
[0321/174528.281:WARNING:crash_report_exception_handler.cc(62)] ProcessSnapshotWin::Initialize failed
[0322/090144.086:ERROR:process_reader_win.cc(123)] NtOpenThread: {Access Denied} A process has requested access to an object, but has not been granted those access rights. (0xc0000022)
[0322/090144.165:ERROR:exception_snapshot_win.cc(88)] thread ID 5680 not found in process
[0322/090144.165:WARNING:crash_report_exception_handler.cc(62)] ProcessSnapshotWin::Initialize failed
[0322/092900.228:ERROR:process_reader_win.cc(123)] NtOpenThread: {Access Denied} A process has requested access to an object, but has not been granted those access rights. (0xc0000022)
[0322/092900.228:ERROR:exception_snapshot_win.cc(88)] thread ID 6248 not found in process
[0322/092900.228:WARNING:crash_report_exception_handler.cc(62)] ProcessSnapshotWin::Initialize failed
[0322/093831.218:ERROR:process_reader_win.cc(123)] NtOpenThread: {Access Denied} A process has requested access to an object, but has not been granted those access rights. (0xc0000022)
[0322/093831.218:ERROR:exception_snapshot_win.cc(88)] thread ID 5480 not found in process
[0322/093831.218:WARNING:crash_report_exception_handler.cc(62)] ProcessSnapshotWin::Initialize failed
[0322/094004.971:ERROR:process_reader_win.cc(123)] NtOpenThread: {Access Denied} A process has requested access to an object, but has not been granted those access rights. (0xc0000022)
[0322/094004.971:ERROR:exception_snapshot_win.cc(88)] thread ID 6768 not found in process
[0322/094004.971:WARNING:crash_report_exception_handler.cc(62)] ProcessSnapshotWin::Initialize failed
[0322/094133.886:ERROR:process_reader_win.cc(123)] NtOpenThread: {Access Denied} A process has requested access to an object, but has not been granted those access rights. (0xc0000022)
[0322/094133.886:ERROR:exception_snapshot_win.cc(88)] thread ID 6464 not found in process
[0322/094133.886:WARNING:crash_report_exception_handler.cc(62)] ProcessSnapshotWin::Initialize failed
[0322/100840.874:ERROR:process_reader_win.cc(123)] NtOpenThread: {Access Denied} A process has requested access to an object, but has not been granted those access rights. (0xc0000022)
[0322/100840.874:ERROR:exception_snapshot_win.cc(88)] thread ID 2900 not found in process
[0322/100840.874:WARNING:crash_report_exception_handler.cc(62)] ProcessSnapshotWin::Initialize failed
[0322/100953.313:ERROR:process_reader_win.cc(151)] SuspendThread: Access is denied. (0x5)
[0322/100953.313:ERROR:process_reader_win.cc(123)] NtOpenThread: {Access Denied} A process has requested access to an object, but has not been granted those access rights. (0xc0000022)
[0322/100953.313:ERROR:exception_snapshot_win.cc(88)] thread ID 2272 not found in process
[0322/100953.313:WARNING:crash_report_exception_handler.cc(62)] ProcessSnapshotWin::Initialize failed
[0322/101418.826:ERROR:process_reader_win.cc(123)] NtOpenThread: {Access Denied} A process has requested access to an object, but has not been granted those access rights. (0xc0000022)
[0322/101418.826:ERROR:exception_snapshot_win.cc(88)] thread ID 7120 not found in process
[0322/101418.826:WARNING:crash_report_exception_handler.cc(62)] ProcessSnapshotWin::Initialize failed
[0322/102830.033:ERROR:process_reader_win.cc(123)] NtOpenThread: {Access Denied} A process has requested access to an object, but has not been granted those access rights. (0xc0000022)
[0322/102830.033:ERROR:exception_snapshot_win.cc(88)] thread ID 2712 not found in process
[0322/102830.033:WARNING:crash_report_exception_handler.cc(62)] ProcessSnapshotWin::Initialize failed
[0322/103013.408:ERROR:process_reader_win.cc(123)] NtOpenThread: {Access Denied} A process has requested access to an object, but has not been granted those access rights. (0xc0000022)
[0322/103013.408:ERROR:exception_snapshot_win.cc(88)] thread ID 5368 not found in process
[0322/103013.408:WARNING:crash_report_exception_handler.cc(62)] ProcessSnapshotWin::Initialize failed
[0322/103122.526:ERROR:process_reader_win.cc(123)] NtOpenThread: {Access Denied} A process has requested access to an object, but has not been granted those access rights. (0xc0000022)
[0322/103122.526:ERROR:exception_snapshot_win.cc(88)] thread ID 5992 not found in process
[0322/103122.526:WARNING:crash_report_exception_handler.cc(62)] ProcessSnapshotWin::Initialize failed
[0322/104236.017:ERROR:process_reader_win.cc(123)] NtOpenThread: {Access Denied} A process has requested access to an object, but has not been granted those access rights. (0xc0000022)
[0322/104236.017:ERROR:exception_snapshot_win.cc(88)] thread ID 2928 not found in process
[0322/104236.017:WARNING:crash_report_exception_handler.cc(62)] ProcessSnapshotWin::Initialize failed
[0322/111735.981:ERROR:process_reader_win.cc(123)] NtOpenThread: {Access Denied} A process has requested access to an object, but has not been granted those access rights. (0xc0000022)
[0322/111735.981:ERROR:exception_snapshot_win.cc(88)] thread ID 6404 not found in process
[0322/111735.981:WARNING:crash_report_exception_handler.cc(62)] ProcessSnapshotWin::Initialize failed
[0322/160350.796:ERROR:process_reader_win.cc(123)] NtOpenThread: {Access Denied} A process has requested access to an object, but has not been granted those access rights. (0xc0000022)
[0322/160350.826:ERROR:exception_snapshot_win.cc(88)] thread ID 4340 not found in process
[0322/160350.826:WARNING:crash_report_exception_handler.cc(62)] ProcessSnapshotWin::Initialize failed
[0323/094125.798:ERROR:process_reader_win.cc(123)] NtOpenThread: {Access Denied} A process has requested access to an object, but has not been granted those access rights. (0xc0000022)
[0323/094125.838:ERROR:exception_snapshot_win.cc(88)] thread ID 5900 not found in process
[0323/094125.838:WARNING:crash_report_exception_handler.cc(62)] ProcessSnapshotWin::Initialize failed
[0323/094334.686:ERROR:process_reader_win.cc(123)] NtOpenThread: {Access Denied} A process has requested access to an object, but has not been granted those access rights. (0xc0000022)
[0323/094334.688:ERROR:exception_snapshot_win.cc(88)] thread ID 5460 not found in process
[0323/094334.688:WARNING:crash_report_exception_handler.cc(62)] ProcessSnapshotWin::Initialize failed
[0323/094827.689:ERROR:process_reader_win.cc(123)] NtOpenThread: {Access Denied} A process has requested access to an object, but has not been granted those access rights. (0xc0000022)
[0323/094827.691:ERROR:exception_snapshot_win.cc(88)] thread ID 4928 not found in process
[0323/094827.691:WARNING:crash_report_exception_handler.cc(62)] ProcessSnapshotWin::Initialize failed
[0323/095004.556:ERROR:process_reader_win.cc(123)] NtOpenThread: {Access Denied} A process has requested access to an object, but has not been granted those access rights. (0xc0000022)
[0323/095004.557:ERROR:exception_snapshot_win.cc(88)] thread ID 5664 not found in process
[0323/095004.557:WARNING:crash_report_exception_handler.cc(62)] ProcessSnapshotWin::Initialize failed
[0323/095222.849:ERROR:process_reader_win.cc(123)] NtOpenThread: {Access Denied} A process has requested access to an object, but has not been granted those access rights. (0xc0000022)
[0323/095222.850:ERROR:exception_snapshot_win.cc(88)] thread ID 5272 not found in process
[0323/095222.850:WARNING:crash_report_exception_handler.cc(62)] ProcessSnapshotWin::Initialize failed
[0323/103319.096:ERROR:process_reader_win.cc(123)] NtOpenThread: {Access Denied} A process has requested access to an object, but has not been granted those access rights. (0xc0000022)
[0323/103319.097:ERROR:exception_snapshot_win.cc(88)] thread ID 5484 not found in process
[0323/103319.097:WARNING:crash_report_exception_handler.cc(62)] ProcessSnapshotWin::Initialize failed
[0323/124132.555:ERROR:process_reader_win.cc(123)] NtOpenThread: {Access Denied} A process has requested access to an object, but has not been granted those access rights. (0xc0000022)
[0323/124132.556:ERROR:exception_snapshot_win.cc(88)] thread ID 6052 not found in process
[0323/124132.556:WARNING:crash_report_exception_handler.cc(62)] ProcessSnapshotWin::Initialize failed
[0323/124304.024:ERROR:process_reader_win.cc(123)] NtOpenThread: {Access Denied} A process has requested access to an object, but has not been granted those access rights. (0xc0000022)
[0323/124304.025:ERROR:exception_snapshot_win.cc(88)] thread ID 2152 not found in process
[0323/124304.025:WARNING:crash_report_exception_handler.cc(62)] ProcessSnapshotWin::Initialize failed
[0323/124402.839:ERROR:process_reader_win.cc(123)] NtOpenThread: {Access Denied} A process has requested access to an object, but has not been granted those access rights. (0xc0000022)
[0323/124402.840:ERROR:exception_snapshot_win.cc(88)] thread ID 6904 not found in process
[0323/124402.840:WARNING:crash_report_exception_handler.cc(62)] ProcessSnapshotWin::Initialize failed
[0323/130714.003:ERROR:process_reader_win.cc(123)] NtOpenThread: {Access Denied} A process has requested access to an object, but has not been granted those access rights. (0xc0000022)
[0323/130714.003:ERROR:exception_snapshot_win.cc(88)] thread ID 5044 not found in process
[0323/130714.003:WARNING:crash_report_exception_handler.cc(62)] ProcessSnapshotWin::Initialize failed
[0323/131011.067:ERROR:process_reader_win.cc(123)] NtOpenThread: {Access Denied} A process has requested access to an object, but has not been granted those access rights. (0xc0000022)
[0323/131011.067:ERROR:exception_snapshot_win.cc(88)] thread ID 5172 not found in process
[0323/131011.067:WARNING:crash_report_exception_handler.cc(62)] ProcessSnapshotWin::Initialize failed
[0323/131926.425:ERROR:process_reader_win.cc(123)] NtOpenThread: {Access Denied} A process has requested access to an object, but has not been granted those access rights. (0xc0000022)
[0323/131926.426:ERROR:exception_snapshot_win.cc(88)] thread ID 2544 not found in process
[0323/131926.426:WARNING:crash_report_exception_handler.cc(62)] ProcessSnapshotWin::Initialize failed
[0323/134434.152:ERROR:process_reader_win.cc(123)] NtOpenThread: {Access Denied} A process has requested access to an object, but has not been granted those access rights. (0xc0000022)
[0323/134434.152:ERROR:exception_snapshot_win.cc(88)] thread ID 356 not found in process
[0323/134434.152:WARNING:crash_report_exception_handler.cc(62)] ProcessSnapshotWin::Initialize failed
[0323/134728.447:ERROR:process_reader_win.cc(123)] NtOpenThread: {Access Denied} A process has requested access to an object, but has not been granted those access rights. (0xc0000022)
[0323/134728.447:ERROR:exception_snapshot_win.cc(88)] thread ID 5724 not found in process
[0323/134728.447:WARNING:crash_report_exception_handler.cc(62)] ProcessSnapshotWin::Initialize failed
[0323/144726.407:ERROR:process_reader_win.cc(123)] NtOpenThread: {Access Denied} A process has requested access to an object, but has not been granted those access rights. (0xc0000022)
[0323/144726.407:ERROR:exception_snapshot_win.cc(88)] thread ID 1844 not found in process
[0323/144726.407:WARNING:crash_report_exception_handler.cc(62)] ProcessSnapshotWin::Initialize failed
[0323/144936.604:ERROR:process_reader_win.cc(123)] NtOpenThread: {Access Denied} A process has requested access to an object, but has not been granted those access rights. (0xc0000022)
[0323/144936.605:ERROR:exception_snapshot_win.cc(88)] thread ID 3852 not found in process
[0323/144936.605:WARNING:crash_report_exception_handler.cc(62)] ProcessSnapshotWin::Initialize failed
[0323/151350.949:ERROR:process_reader_win.cc(123)] NtOpenThread: {Access Denied} A process has requested access to an object, but has not been granted those access rights. (0xc0000022)
[0323/151350.950:ERROR:exception_snapshot_win.cc(88)] thread ID 7056 not found in process
[0323/151350.950:WARNING:crash_report_exception_handler.cc(62)] ProcessSnapshotWin::Initialize failed
[0323/164109.489:ERROR:process_reader_win.cc(123)] NtOpenThread: {Access Denied} A process has requested access to an object, but has not been granted those access rights. (0xc0000022)
[0323/164109.489:ERROR:exception_snapshot_win.cc(88)] thread ID 3284 not found in process
[0323/164109.489:WARNING:crash_report_exception_handler.cc(62)] ProcessSnapshotWin::Initialize failed
[0323/164229.925:ERROR:process_reader_win.cc(123)] NtOpenThread: {Access Denied} A process has requested access to an object, but has not been granted those access rights. (0xc0000022)
[0323/164229.925:ERROR:exception_snapshot_win.cc(88)] thread ID 7100 not found in process
[0323/164229.925:WARNING:crash_report_exception_handler.cc(62)] ProcessSnapshotWin::Initialize failed
[0323/164913.436:ERROR:process_reader_win.cc(123)] NtOpenThread: {Access Denied} A process has requested access to an object, but has not been granted those access rights. (0xc0000022)
[0323/164913.440:ERROR:exception_snapshot_win.cc(88)] thread ID 6008 not found in process
[0323/164913.440:WARNING:crash_report_exception_handler.cc(62)] ProcessSnapshotWin::Initialize failed
[0323/175143.159:ERROR:process_reader_win.cc(123)] NtOpenThread: {Access Denied} A process has requested access to an object, but has not been granted those access rights. (0xc0000022)
[0323/175143.159:ERROR:exception_snapshot_win.cc(88)] thread ID 5592 not found in process
[0323/175143.159:WARNING:crash_report_exception_handler.cc(62)] ProcessSnapshotWin::Initialize failed
[0323/175327.135:ERROR:process_reader_win.cc(123)] NtOpenThread: {Access Denied} A process has requested access to an object, but has not been granted those access rights. (0xc0000022)
[0323/175327.135:ERROR:exception_snapshot_win.cc(88)] thread ID 5444 not found in process
[0323/175327.135:WARNING:crash_report_exception_handler.cc(62)] ProcessSnapshotWin::Initialize failed
[0323/175757.986:ERROR:process_reader_win.cc(123)] NtOpenThread: {Access Denied} A process has requested access to an object, but has not been granted those access rights. (0xc0000022)
[0323/175757.986:ERROR:exception_snapshot_win.cc(88)] thread ID 4416 not found in process
[0323/175757.986:WARNING:crash_report_exception_handler.cc(62)] ProcessSnapshotWin::Initialize failed
[0323/180232.690:ERROR:process_reader_win.cc(123)] NtOpenThread: {Access Denied} A process has requested access to an object, but has not been granted those access rights. (0xc0000022)
[0323/180232.690:ERROR:exception_snapshot_win.cc(88)] thread ID 6296 not found in process
[0323/180232.690:WARNING:crash_report_exception_handler.cc(62)] ProcessSnapshotWin::Initialize failed
[0323/180659.958:ERROR:process_reader_win.cc(123)] NtOpenThread: {Access Denied} A process has requested access to an object, but has not been granted those access rights. (0xc0000022)
[0323/180659.958:ERROR:exception_snapshot_win.cc(88)] thread ID 6336 not found in process
[0323/180659.958:WARNING:crash_report_exception_handler.cc(62)] ProcessSnapshotWin::Initialize failed
[0323/181359.440:ERROR:process_reader_win.cc(123)] NtOpenThread: {Access Denied} A process has requested access to an object, but has not been granted those access rights. (0xc0000022)
[0323/181359.440:ERROR:exception_snapshot_win.cc(88)] thread ID 6300 not found in process
[0323/181359.440:WARNING:crash_report_exception_handler.cc(62)] ProcessSnapshotWin::Initialize failed
[0326/092547.801:ERROR:process_reader_win.cc(123)] NtOpenThread: {Access Denied} A process has requested access to an object, but has not been granted those access rights. (0xc0000022)
[0326/092547.813:ERROR:exception_snapshot_win.cc(88)] thread ID 6276 not found in process
[0326/092547.813:WARNING:crash_report_exception_handler.cc(62)] ProcessSnapshotWin::Initialize failed
[0326/092737.373:ERROR:process_reader_win.cc(123)] NtOpenThread: {Access Denied} A process has requested access to an object, but has not been granted those access rights. (0xc0000022)
[0326/092737.373:ERROR:exception_snapshot_win.cc(88)] thread ID 7140 not found in process
[0326/092737.373:WARNING:crash_report_exception_handler.cc(62)] ProcessSnapshotWin::Initialize failed
[0326/093607.932:ERROR:process_reader_win.cc(123)] NtOpenThread: {Access Denied} A process has requested access to an object, but has not been granted those access rights. (0xc0000022)
[0326/093607.932:ERROR:exception_snapshot_win.cc(88)] thread ID 6508 not found in process
[0326/093607.932:WARNING:crash_report_exception_handler.cc(62)] ProcessSnapshotWin::Initialize failed
[0326/093755.341:ERROR:process_reader_win.cc(123)] NtOpenThread: {Access Denied} A process has requested access to an object, but has not been granted those access rights. (0xc0000022)
[0326/093755.341:ERROR:exception_snapshot_win.cc(88)] thread ID 5988 not found in process
[0326/093755.341:WARNING:crash_report_exception_handler.cc(62)] ProcessSnapshotWin::Initialize failed
[0326/094549.024:ERROR:process_reader_win.cc(123)] NtOpenThread: {Access Denied} A process has requested access to an object, but has not been granted those access rights. (0xc0000022)
[0326/094549.025:ERROR:exception_snapshot_win.cc(88)] thread ID 6104 not found in process
[0326/094549.025:WARNING:crash_report_exception_handler.cc(62)] ProcessSnapshotWin::Initialize failed
[0326/095019.840:ERROR:process_reader_win.cc(123)] NtOpenThread: {Access Denied} A process has requested access to an object, but has not been granted those access rights. (0xc0000022)
[0326/095019.841:ERROR:exception_snapshot_win.cc(88)] thread ID 6608 not found in process
[0326/095019.841:WARNING:crash_report_exception_handler.cc(62)] ProcessSnapshotWin::Initialize failed
[0326/095411.593:ERROR:process_reader_win.cc(123)] NtOpenThread: {Access Denied} A process has requested access to an object, but has not been granted those access rights. (0xc0000022)
[0326/095411.595:ERROR:exception_snapshot_win.cc(88)] thread ID 2388 not found in process
[0326/095411.595:WARNING:crash_report_exception_handler.cc(62)] ProcessSnapshotWin::Initialize failed
[0326/095803.289:ERROR:process_reader_win.cc(123)] NtOpenThread: {Access Denied} A process has requested access to an object, but has not been granted those access rights. (0xc0000022)
[0326/095803.289:ERROR:exception_snapshot_win.cc(88)] thread ID 5808 not found in process
[0326/095803.289:WARNING:crash_report_exception_handler.cc(62)] ProcessSnapshotWin::Initialize failed
[0326/100848.552:ERROR:process_reader_win.cc(123)] NtOpenThread: {Access Denied} A process has requested access to an object, but has not been granted those access rights. (0xc0000022)
[0326/100848.553:ERROR:exception_snapshot_win.cc(88)] thread ID 2708 not found in process
[0326/100848.553:WARNING:crash_report_exception_handler.cc(62)] ProcessSnapshotWin::Initialize failed
[0326/102615.510:ERROR:process_reader_win.cc(123)] NtOpenThread: {Access Denied} A process has requested access to an object, but has not been granted those access rights. (0xc0000022)
[0326/102615.511:ERROR:exception_snapshot_win.cc(88)] thread ID 6792 not found in process
[0326/102615.511:WARNING:crash_report_exception_handler.cc(62)] ProcessSnapshotWin::Initialize failed
[0326/102804.907:ERROR:process_reader_win.cc(123)] NtOpenThread: {Access Denied} A process has requested access to an object, but has not been granted those access rights. (0xc0000022)
[0326/102804.907:ERROR:exception_snapshot_win.cc(88)] thread ID 5204 not found in process
[0326/102804.907:WARNING:crash_report_exception_handler.cc(62)] ProcessSnapshotWin::Initialize failed
[0326/102944.274:ERROR:process_reader_win.cc(123)] NtOpenThread: {Access Denied} A process has requested access to an object, but has not been granted those access rights. (0xc0000022)
[0326/102944.274:ERROR:exception_snapshot_win.cc(88)] thread ID 7052 not found in process
[0326/102944.274:WARNING:crash_report_exception_handler.cc(62)] ProcessSnapshotWin::Initialize failed
[0326/103633.996:ERROR:process_reader_win.cc(123)] NtOpenThread: {Access Denied} A process has requested access to an object, but has not been granted those access rights. (0xc0000022)
[0326/103633.996:ERROR:exception_snapshot_win.cc(88)] thread ID 4176 not found in process
[0326/103634.012:WARNING:crash_report_exception_handler.cc(62)] ProcessSnapshotWin::Initialize failed
[0326/110418.210:ERROR:process_reader_win.cc(123)] NtOpenThread: {Access Denied} A process has requested access to an object, but has not been granted those access rights. (0xc0000022)
[0326/110418.210:ERROR:exception_snapshot_win.cc(88)] thread ID 3528 not found in process
[0326/110418.210:WARNING:crash_report_exception_handler.cc(62)] ProcessSnapshotWin::Initialize failed
[0326/115216.139:ERROR:process_reader_win.cc(123)] NtOpenThread: {Access Denied} A process has requested access to an object, but has not been granted those access rights. (0xc0000022)
[0326/115216.139:ERROR:exception_snapshot_win.cc(88)] thread ID 6676 not found in process
[0326/115216.139:WARNING:crash_report_exception_handler.cc(62)] ProcessSnapshotWin::Initialize failed
[0326/120116.810:ERROR:process_reader_win.cc(123)] NtOpenThread: {Access Denied} A process has requested access to an object, but has not been granted those access rights. (0xc0000022)
[0326/120116.810:ERROR:exception_snapshot_win.cc(88)] thread ID 6168 not found in process
[0326/120116.810:WARNING:crash_report_exception_handler.cc(62)] ProcessSnapshotWin::Initialize failed
[0326/122307.685:ERROR:process_reader_win.cc(123)] NtOpenThread: {Access Denied} A process has requested access to an object, but has not been granted those access rights. (0xc0000022)
[0326/122307.686:ERROR:exception_snapshot_win.cc(88)] thread ID 6936 not found in process
[0326/122307.686:WARNING:crash_report_exception_handler.cc(62)] ProcessSnapshotWin::Initialize failed
[0326/122938.273:ERROR:process_reader_win.cc(123)] NtOpenThread: {Access Denied} A process has requested access to an object, but has not been granted those access rights. (0xc0000022)
[0326/122938.746:ERROR:exception_snapshot_win.cc(88)] thread ID 3444 not found in process
[0326/122938.746:WARNING:crash_report_exception_handler.cc(62)] ProcessSnapshotWin::Initialize failed
[0326/123807.526:ERROR:process_reader_win.cc(123)] NtOpenThread: {Access Denied} A process has requested access to an object, but has not been granted those access rights. (0xc0000022)
[0326/123807.526:ERROR:exception_snapshot_win.cc(88)] thread ID 6432 not found in process
[0326/123807.526:WARNING:crash_report_exception_handler.cc(62)] ProcessSnapshotWin::Initialize failed
[0326/125115.403:ERROR:process_reader_win.cc(123)] NtOpenThread: {Access Denied} A process has requested access to an object, but has not been granted those access rights. (0xc0000022)
[0326/125115.403:ERROR:exception_snapshot_win.cc(88)] thread ID 288 not found in process
[0326/125115.403:WARNING:crash_report_exception_handler.cc(62)] ProcessSnapshotWin::Initialize failed
[0326/125847.811:ERROR:process_reader_win.cc(123)] NtOpenThread: {Access Denied} A process has requested access to an object, but has not been granted those access rights. (0xc0000022)
[0326/125847.811:ERROR:exception_snapshot_win.cc(88)] thread ID 5164 not found in process
[0326/125847.811:WARNING:crash_report_exception_handler.cc(62)] ProcessSnapshotWin::Initialize failed
[0326/131000.616:ERROR:process_reader_win.cc(123)] NtOpenThread: {Access Denied} A process has requested access to an object, but has not been granted those access rights. (0xc0000022)
[0326/131000.616:ERROR:exception_snapshot_win.cc(88)] thread ID 6932 not found in process
[0326/131000.616:WARNING:crash_report_exception_handler.cc(62)] ProcessSnapshotWin::Initialize failed
[0326/132228.761:ERROR:process_reader_win.cc(123)] NtOpenThread: {Access Denied} A process has requested access to an object, but has not been granted those access rights. (0xc0000022)
[0326/132228.854:ERROR:exception_snapshot_win.cc(88)] thread ID 7144 not found in process
[0326/132228.854:WARNING:crash_report_exception_handler.cc(62)] ProcessSnapshotWin::Initialize failed
[0326/133332.390:ERROR:process_reader_win.cc(123)] NtOpenThread: {Access Denied} A process has requested access to an object, but has not been granted those access rights. (0xc0000022)
[0326/133332.390:ERROR:exception_snapshot_win.cc(88)] thread ID 6880 not found in process
[0326/133332.390:WARNING:crash_report_exception_handler.cc(62)] ProcessSnapshotWin::Initialize failed
[0326/151154.428:ERROR:process_reader_win.cc(123)] NtOpenThread: {Access Denied} A process has requested access to an object, but has not been granted those access rights. (0xc0000022)
[0326/151154.428:ERROR:exception_snapshot_win.cc(88)] thread ID 5164 not found in process
[0326/151154.428:WARNING:crash_report_exception_handler.cc(62)] ProcessSnapshotWin::Initialize failed
[0326/151755.151:ERROR:process_reader_win.cc(123)] NtOpenThread: {Access Denied} A process has requested access to an object, but has not been granted those access rights. (0xc0000022)
[0326/151755.151:ERROR:exception_snapshot_win.cc(88)] thread ID 4832 not found in process
[0326/151755.151:WARNING:crash_report_exception_handler.cc(62)] ProcessSnapshotWin::Initialize failed
[0326/151908.428:ERROR:process_reader_win.cc(123)] NtOpenThread: {Access Denied} A process has requested access to an object, but has not been granted those access rights. (0xc0000022)
[0326/151908.429:ERROR:exception_snapshot_win.cc(88)] thread ID 7104 not found in process
[0326/151908.429:WARNING:crash_report_exception_handler.cc(62)] ProcessSnapshotWin::Initialize failed
[0326/152047.953:ERROR:process_reader_win.cc(123)] NtOpenThread: {Access Denied} A process has requested access to an object, but has not been granted those access rights. (0xc0000022)
[0326/152047.953:ERROR:exception_snapshot_win.cc(88)] thread ID 5508 not found in process
[0326/152047.953:WARNING:crash_report_exception_handler.cc(62)] ProcessSnapshotWin::Initialize failed
[0326/160639.191:ERROR:process_reader_win.cc(123)] NtOpenThread: {Access Denied} A process has requested access to an object, but has not been granted those access rights. (0xc0000022)
[0326/160639.192:ERROR:exception_snapshot_win.cc(88)] thread ID 5236 not found in process
[0326/160639.192:WARNING:crash_report_exception_handler.cc(62)] ProcessSnapshotWin::Initialize failed
[0329/125840.412:ERROR:process_reader_win.cc(123)] NtOpenThread: {Access Denied} A process has requested access to an object, but has not been granted those access rights. (0xc0000022)
[0329/125840.458:ERROR:exception_snapshot_win.cc(88)] thread ID 7376 not found in process
[0329/125840.458:WARNING:crash_report_exception_handler.cc(62)] ProcessSnapshotWin::Initialize failed
[0402/111254.542:ERROR:process_reader_win.cc(123)] NtOpenThread: {Access Denied} A process has requested access to an object, but has not been granted those access rights. (0xc0000022)
[0402/111254.573:ERROR:exception_snapshot_win.cc(88)] thread ID 2808 not found in process
[0402/111254.573:WARNING:crash_report_exception_handler.cc(62)] ProcessSnapshotWin::Initialize failed
[0402/112623.018:ERROR:process_reader_win.cc(123)] NtOpenThread: {Access Denied} A process has requested access to an object, but has not been granted those access rights. (0xc0000022)
[0402/112623.018:ERROR:exception_snapshot_win.cc(88)] thread ID 1828 not found in process
[0402/112623.018:WARNING:crash_report_exception_handler.cc(62)] ProcessSnapshotWin::Initialize failed
[0402/152755.562:ERROR:process_reader_win.cc(123)] NtOpenThread: {Access Denied} A process has requested access to an object, but has not been granted those access rights. (0xc0000022)
[0402/152755.562:ERROR:exception_snapshot_win.cc(88)] thread ID 6060 not found in process
[0402/152755.562:WARNING:crash_report_exception_handler.cc(62)] ProcessSnapshotWin::Initialize failed
